[2026-03-09T13:20:28.725Z] [WARN] ML model not found. Run: python scripts/train_model.py
[2026-03-09T13:20:29.268Z] [WARN] ML model not found. Run: python scripts/train_model.py
[2026-03-09T13:20:29.273Z] [ERROR] [API] Prediction error: {"error":"Error: Dynamic server usage: Route /api/predict couldn't be rendered statically because it used `nextUrl.searchParams`. See more info here: https://nextjs.org/docs/messages/dynamic-server-error"}
[2026-03-09T13:20:29.539Z] [ERROR] API Error - news: {"error":"Error: Dynamic server usage: Route /api/news couldn't be rendered statically because it used `nextUrl.searchParams`. See more info here: https://nextjs.org/docs/messages/dynamic-server-error"}
[2026-03-09T13:36:01.271Z] [INFO] News API called {"query":"Indian railway","region":"IN"}
[2026-03-09T13:36:01.271Z] [INFO] Fetching news articles {"query":"Indian railway","region":"IN"}
[2026-03-09T13:36:02.914Z] [INFO] Parsed RSS items {"count":100}
[2026-03-09T13:36:02.915Z] [SUCCESS] News fetch complete {"query":"Indian railway","articlesCount":3}
[2026-03-09T13:36:30.358Z] [WARN] ML model not found. Run: python scripts/train_model.py
[2026-03-09T13:36:30.359Z] [DEBUG] [API] Prediction request: {"region":"North","hour":15,"latitude":30.5,"longitude":75.2}
[2026-03-09T13:43:38.513Z] [WARN] ML model not found. Run: python scripts/train_model.py
[2026-03-09T13:43:39.009Z] [ERROR] API Error - news: {"error":"Error: Dynamic server usage: Route /api/news couldn't be rendered statically because it used `nextUrl.searchParams`. See more info here: https://nextjs.org/docs/messages/dynamic-server-error"}
[2026-03-09T13:43:39.355Z] [WARN] ML model not found. Run: python scripts/train_model.py
[2026-03-09T13:43:39.357Z] [ERROR] [API] Prediction error: {"error":"Error: Dynamic server usage: Route /api/predict couldn't be rendered statically because it used `nextUrl.searchParams`. See more info here: https://nextjs.org/docs/messages/dynamic-server-error"}
[2026-03-09T13:47:28.030Z] [INFO] News API called {"query":"indian railway","region":"IN"}
[2026-03-09T13:47:28.031Z] [INFO] Fetching news articles {"query":"indian railway","region":"IN"}
[2026-03-09T13:47:29.299Z] [INFO] Parsed RSS items {"count":100}
[2026-03-09T13:47:29.300Z] [SUCCESS] News fetch complete {"query":"indian railway","articlesCount":3}
[2026-03-09T13:52:37.636Z] [WARN] ML model not found. Run: python scripts/train_model.py
[2026-03-09T13:52:38.498Z] [WARN] ML model not found. Run: python scripts/train_model.py
[2026-03-09T13:52:38.500Z] [ERROR] [API] Prediction error: {"error":"Error: Dynamic server usage: Route /api/predict couldn't be rendered statically because it used `nextUrl.searchParams`. See more info here: https://nextjs.org/docs/messages/dynamic-server-error"}
[2026-03-09T13:52:38.521Z] [ERROR] API Error - news: {"error":"Error: Dynamic server usage: Route /api/news couldn't be rendered statically because it used `nextUrl.searchParams`. See more info here: https://nextjs.org/docs/messages/dynamic-server-error"}
[2026-03-14T04:08:32.293Z] [WARN] ML model not found. Run: python scripts/train_model.py
[2026-03-14T04:08:32.987Z] [ERROR] [API] Prediction error: {"error":"Error: Dynamic server usage: Route /api/predict couldn't be rendered statically because it used `nextUrl.searchParams`. See more info here: https://nextjs.org/docs/messages/dynamic-server-error"}
[2026-03-14T04:08:33.249Z] [ERROR] API Error - news: {"error":"Error: Dynamic server usage: Route /api/news couldn't be rendered statically because it used `nextUrl.searchParams`. See more info here: https://nextjs.org/docs/messages/dynamic-server-error"}
[2026-03-14T04:21:27.825Z] [WARN] ML model not found. Run: python scripts/train_model.py
[2026-03-14T04:21:28.376Z] [ERROR] [API] Prediction error: {"error":"Error: Dynamic server usage: Route /api/predict couldn't be rendered statically because it used `nextUrl.searchParams`. See more info here: https://nextjs.org/docs/messages/dynamic-server-error"}
[2026-03-14T04:23:51.076Z] [WARN] ML model not found. Run: python scripts/train_model.py
[2026-03-14T05:40:06.304Z] [WARN] ML model not found. Run: python scripts/train_model.py
[2026-03-14T05:44:19.960Z] [WARN] ML model not found. Run: python scripts/train_model.py
[2026-03-14T05:45:41.673Z] [WARN] ML model not found. Run: python scripts/train_model.py
[2026-03-14T05:46:10.555Z] [WARN] ML model not found. Run: python scripts/train_model.py
[2026-03-14T05:49:49.785Z] [WARN] ML model not found. Run: python scripts/train_model.py
[2026-03-14T05:55:18.937Z] [WARN] ML model not found. Run: python scripts/train_model.py
[2026-03-14T06:03:05.890Z] [WARN] ML model not found. Run: python scripts/train_model.py
[2026-03-14T06:03:31.103Z] [WARN] ML model not found. Run: python scripts/train_model.py
[2026-03-14T06:03:57.470Z] [WARN] ML model not found. Run: python scripts/train_model.py
[2026-03-14T06:17:39.062Z] [WARN] ML model not found. Run: python scripts/train_model.py
[2026-03-14T06:18:00.231Z] [WARN] ML model not found. Run: python scripts/train_model.py
[2026-03-14T06:26:53.790Z] [WARN] ML model not found. Run: python scripts/train_model.py
[2026-03-14T06:27:17.652Z] [WARN] ML model not found. Run: python scripts/train_model.py
[2026-03-14T06:39:46.949Z] [WARN] ML model not found. Run: python scripts/train_model.py
[2026-03-14T06:40:11.253Z] [WARN] ML model not found. Run: python scripts/train_model.py
[2026-03-14T06:43:02.148Z] [WARN] ML model not found. Run: python scripts/train_model.py
[2026-03-14T07:14:31.792Z] [WARN] ML model not found. Run: python scripts/train_model.py
[2026-03-14T07:19:48.952Z] [WARN] ML model not found. Run: python scripts/train_model.py
[2026-03-14T07:25:40.530Z] [WARN] ML model not found. Run: python scripts/train_model.py
[2026-03-14T07:42:01.705Z] [WARN] ML model not found. Run: python scripts/train_model.py
[2026-03-14T07:53:29.617Z] [WARN] ML model not found. Run: python scripts/train_model.py
[2026-03-14T07:59:40.965Z] [WARN] ML model not found. Run: python scripts/train_model.py
[2026-03-14T08:03:49.510Z] [WARN] ML model not found. Run: python scripts/train_model.py
[2026-03-14T08:07:39.484Z] [WARN] ML model not found. Run: python scripts/train_model.py
[2026-03-14T08:14:24.142Z] [WARN] ML model not found. Run: python scripts/train_model.py
[2026-03-14T13:37:33.279Z] [WARN] ML model not found. Run: python scripts/train_model.py
[2026-03-14T13:48:36.232Z] [WARN] ML model not found. Run: python scripts/train_model.py
[2026-03-14T13:49:04.948Z] [WARN] ML model not found. Run: python scripts/train_model.py
[2026-03-14T13:54:26.935Z] [WARN] ML model not found. Run: python scripts/train_model.py
[2026-03-14T13:57:07.474Z] [WARN] ML model not found. Run: python scripts/train_model.py
[2026-03-14T14:10:46.915Z] [WARN] ML model not found. Run: python scripts/train_model.py
[2026-03-14T14:20:42.902Z] [WARN] ML model not found. Run: python scripts/train_model.py
[2026-03-14T14:31:00.580Z] [WARN] ML model not found. Run: python scripts/train_model.py
[2026-03-14T14:32:48.619Z] [WARN] ML model not found. Run: python scripts/train_model.py
[2026-03-14T14:33:45.257Z] [WARN] ML model not found. Run: python scripts/train_model.py
[2026-03-14T14:48:28.881Z] [WARN] ML model not found. Run: python scripts/train_model.py
[2026-03-14T15:22:49.965Z] [WARN] ML model not found. Run: python scripts/train_model.py
[2026-03-14T15:24:01.839Z] [WARN] ML model not found. Run: python scripts/train_model.py
[2026-03-14T15:31:18.507Z] [WARN] ML model not found. Run: python scripts/train_model.py
[2026-03-14T15:40:25.750Z] [WARN] ML model not found. Run: python scripts/train_model.py
[2026-03-14T16:34:37.911Z] [WARN] ML model not found. Run: python scripts/train_model.py
[2026-03-14T16:48:14.135Z] [WARN] ML model not found. Run: python scripts/train_model.py
[2026-03-14T16:54:07.701Z] [WARN] ML model not found. Run: python scripts/train_model.py
[2026-03-14T17:08:05.024Z] [WARN] ML model not found. Run: python scripts/train_model.py
[2026-03-14T17:19:30.776Z] [WARN] ML model not found. Run: python scripts/train_model.py
[2026-03-14T17:27:54.273Z] [WARN] ML model not found. Run: python scripts/train_model.py
[2026-03-14T17:27:55.540Z] [WARN] ML model not found. Run: python scripts/train_model.py
[2026-03-15T06:32:28.185Z] [WARN] ML model not found. Run: python scripts/train_model.py
[2026-03-15T06:32:30.108Z] [WARN] ML model not found. Run: python scripts/train_model.py
[2026-03-15T06:34:35.850Z] [WARN] ML model not found. Run: python scripts/train_model.py
[2026-03-15T06:35:30.400Z] [WARN] ML model not found. Run: python scripts/train_model.py
[2026-03-15T06:36:35.963Z] [WARN] ML model not found. Run: python scripts/train_model.py
[2026-03-15T06:37:08.792Z] [WARN] ML model not found. Run: python scripts/train_model.py
[2026-03-15T06:37:09.729Z] [WARN] ML model not found. Run: python scripts/train_model.py
[2026-03-15T06:37:22.843Z] [WARN] ML model not found. Run: python scripts/train_model.py
[2026-03-15T06:38:27.530Z] [WARN] ML model not found. Run: python scripts/train_model.py
[2026-03-15T06:41:27.353Z] [WARN] ML model not found. Run: python scripts/train_model.py
[2026-03-15T06:42:00.542Z] [WARN] ML model not found. Run: python scripts/train_model.py
[2026-03-15T06:42:01.612Z] [WARN] ML model not found. Run: python scripts/train_model.py
[2026-03-15T06:42:47.885Z] [WARN] ML model not found. Run: python scripts/train_model.py
[2026-03-15T06:44:51.856Z] [WARN] ML model not found. Run: python scripts/train_model.py
[2026-03-15T06:44:57.932Z] [WARN] ML model not found. Run: python scripts/train_model.py
[2026-03-15T06:45:42.050Z] [WARN] ML model not found. Run: python scripts/train_model.py
[2026-03-15T06:45:42.752Z] [WARN] ML model not found. Run: python scripts/train_model.py
[2026-03-15T06:47:23.116Z] [WARN] ML model not found. Run: python scripts/train_model.py
[2026-03-15T06:47:47.329Z] [WARN] ML model not found. Run: python scripts/train_model.py
[2026-03-15T06:48:31.675Z] [WARN] ML model not found. Run: python scripts/train_model.py
[2026-03-15T06:51:32.832Z] [WARN] ML model not found. Run: python scripts/train_model.py
[2026-03-15T06:52:32.127Z] [WARN] ML model not found. Run: python scripts/train_model.py
[2026-03-15T07:01:37.026Z] [WARN] ML model not found. Run: python scripts/train_model.py
[2026-03-15T07:02:32.959Z] [WARN] ML model not found. Run: python scripts/train_model.py
[2026-03-15T07:03:32.646Z] [WARN] ML model not found. Run: python scripts/train_model.py
[2026-03-15T07:03:46.984Z] [WARN] ML model not found. Run: python scripts/train_model.py
[2026-03-15T07:07:46.996Z] [WARN] ML model not found. Run: python scripts/train_model.py
[2026-03-15T07:08:46.992Z] [WARN] ML model not found. Run: python scripts/train_model.py
[2026-03-15T07:16:29.118Z] [WARN] ML model not found. Run: python scripts/train_model.py
[2026-03-15T07:16:47.013Z] [WARN] ML model not found. Run: python scripts/train_model.py
[2026-03-15T07:30:47.270Z] [WARN] ML model not found. Run: python scripts/train_model.py
[2026-03-15T07:32:31.448Z] [WARN] ML model not found. Run: python scripts/train_model.py
[2026-03-15T07:32:57.817Z] [WARN] ML model not found. Run: python scripts/train_model.py
[2026-03-15T07:34:10.397Z] [WARN] ML model not found. Run: python scripts/train_model.py
[2026-03-15T07:35:28.811Z] [WARN] ML model not found. Run: python scripts/train_model.py
[2026-03-15T07:35:47.615Z] [WARN] ML model not found. Run: python scripts/train_model.py
[2026-03-15T07:36:48.589Z] [WARN] ML model not found. Run: python scripts/train_model.py
[2026-03-15T07:38:07.141Z] [WARN] ML model not found. Run: python scripts/train_model.py
[2026-03-15T07:38:56.149Z] [WARN] ML model not found. Run: python scripts/train_model.py
[2026-03-15T07:39:56.269Z] [WARN] ML model not found. Run: python scripts/train_model.py
[2026-03-15T07:40:56.265Z] [WARN] ML model not found. Run: python scripts/train_model.py
[2026-03-15T07:43:47.678Z] [WARN] ML model not found. Run: python scripts/train_model.py
[2026-03-15T07:44:50.581Z] [WARN] ML model not found. Run: python scripts/train_model.py
[2026-03-15T07:45:47.622Z] [WARN] ML model not found. Run: python scripts/train_model.py
[2026-03-15T07:46:32.178Z] [WARN] ML model not found. Run: python scripts/train_model.py
[2026-03-15T09:22:40.286Z] [WARN] ML model not found. Run: python scripts/train_model.py
[2026-03-15T09:23:08.310Z] [WARN] ML model not found. Run: python scripts/train_model.py
[2026-03-15T09:23:42.271Z] [WARN] ML model not found. Run: python scripts/train_model.py
[2026-03-15T09:24:47.314Z] [WARN] ML model not found. Run: python scripts/train_model.py
[2026-03-15T09:26:47.442Z] [WARN] ML model not found. Run: python scripts/train_model.py
[2026-03-15T09:27:31.125Z] [WARN] ML model not found. Run: python scripts/train_model.py
[2026-03-15T09:27:47.273Z] [WARN] ML model not found. Run: python scripts/train_model.py
[2026-03-15T09:34:47.312Z] [WARN] ML model not found. Run: python scripts/train_model.py
[2026-03-15T12:04:53.800Z] [WARN] ML model not found. Run: python scripts/train_model.py
[2026-03-15T12:05:21.881Z] [WARN] ML model not found. Run: python scripts/train_model.py
[2026-03-15T12:19:02.219Z] [WARN] ML model not found. Run: python scripts/train_model.py
[2026-03-15T12:22:56.259Z] [WARN] ML model not found. Run: python scripts/train_model.py
[2026-03-15T12:39:50.922Z] [WARN] ML model not found. Run: python scripts/train_model.py
[2026-03-15T12:42:47.633Z] [WARN] ML model not found. Run: python scripts/train_model.py
[2026-03-15T12:44:37.650Z] [WARN] ML model not found. Run: python scripts/train_model.py
[2026-03-15T12:46:58.614Z] [WARN] ML model not found. Run: python scripts/train_model.py
[2026-03-15T12:47:59.294Z] [WARN] ML model not found. Run: python scripts/train_model.py
[2026-03-15T12:49:59.297Z] [WARN] ML model not found. Run: python scripts/train_model.py
[2026-03-15T13:00:03.301Z] [WARN] ML model not found. Run: python scripts/train_model.py
[2026-03-15T13:02:07.004Z] [WARN] ML model not found. Run: python scripts/train_model.py
[2026-03-15T13:02:28.525Z] [WARN] ML model not found. Run: python scripts/train_model.py
[2026-03-15T13:02:55.302Z] [WARN] ML model not found. Run: python scripts/train_model.py
[2026-03-15T13:13:12.270Z] [WARN] ML model not found. Run: python scripts/train_model.py
[2026-03-15T13:17:20.548Z] [WARN] ML model not found. Run: python scripts/train_model.py
[2026-03-15T13:34:35.664Z] [WARN] ML model not found. Run: python scripts/train_model.py
[2026-03-15T13:35:08.603Z] [WARN] ML model not found. Run: python scripts/train_model.py
[2026-03-15T13:38:58.129Z] [WARN] ML model not found. Run: python scripts/train_model.py
[2026-03-15T13:40:03.650Z] [WARN] ML model not found. Run: python scripts/train_model.py
[2026-03-15T13:40:54.114Z] [WARN] ML model not found. Run: python scripts/train_model.py
[2026-03-15T13:40:54.436Z] [WARN] ML model not found. Run: python scripts/train_model.py
[2026-03-15T13:41:37.202Z] [WARN] ML model not found. Run: python scripts/train_model.py
[2026-03-15T13:41:55.374Z] [WARN] ML model not found. Run: python scripts/train_model.py
[2026-03-15T13:42:53.781Z] [WARN] ML model not found. Run: python scripts/train_model.py
[2026-03-15T13:43:32.704Z] [WARN] ML model not found. Run: python scripts/train_model.py
[2026-03-15T13:43:54.882Z] [WARN] ML model not found. Run: python scripts/train_model.py
[2026-03-15T13:46:31.281Z] [WARN] ML model not found. Run: python scripts/train_model.py
[2026-03-15T13:48:41.068Z] [WARN] ML model not found. Run: python scripts/train_model.py
[2026-03-15T13:49:33.448Z] [WARN] ML model not found. Run: python scripts/train_model.py
[2026-03-15T13:51:31.502Z] [WARN] ML model not found. Run: python scripts/train_model.py
[2026-03-15T13:51:48.103Z] [WARN] ML model not found. Run: python scripts/train_model.py
[2026-03-15T13:52:31.470Z] [WARN] ML model not found. Run: python scripts/train_model.py
[2026-03-15T13:53:57.954Z] [WARN] ML model not found. Run: python scripts/train_model.py
[2026-03-15T13:55:24.620Z] [WARN] ML model not found. Run: python scripts/train_model.py
[2026-03-15T13:55:57.301Z] [WARN] ML model not found. Run: python scripts/train_model.py
[2026-03-15T13:56:53.094Z] [WARN] ML model not found. Run: python scripts/train_model.py
[2026-03-15T13:58:46.205Z] [WARN] ML model not found. Run: python scripts/train_model.py
[2026-03-15T14:00:59.362Z] [WARN] ML model not found. Run: python scripts/train_model.py
[2026-03-15T14:01:25.540Z] [WARN] ML model not found. Run: python scripts/train_model.py
[2026-03-15T14:02:24.946Z] [WARN] ML model not found. Run: python scripts/train_model.py
[2026-03-15T14:02:25.258Z] [WARN] ML model not found. Run: python scripts/train_model.py
[2026-03-15T14:08:50.372Z] [WARN] ML model not found. Run: python scripts/train_model.py
[2026-03-15T14:17:37.293Z] [WARN] ML model not found. Run: python scripts/train_model.py
[2026-03-15T14:18:37.586Z] [WARN] ML model not found. Run: python scripts/train_model.py
[2026-03-15T14:20:26.812Z] [WARN] ML model not found. Run: python scripts/train_model.py
[2026-03-15T15:22:45.386Z] [WARN] ML model not found. Run: python scripts/train_model.py
[2026-03-15T15:24:13.602Z] [WARN] ML model not found. Run: python scripts/train_model.py
[2026-03-15T15:26:07.311Z] [WARN] ML model not found. Run: python scripts/train_model.py
[2026-03-15T15:26:50.358Z] [WARN] ML model not found. Run: python scripts/train_model.py
[2026-03-15T15:27:12.120Z] [WARN] ML model not found. Run: python scripts/train_model.py
[2026-03-15T15:28:07.333Z] [WARN] ML model not found. Run: python scripts/train_model.py
[2026-03-15T15:42:37.327Z] [WARN] ML model not found. Run: python scripts/train_model.py
[2026-03-15T15:51:00.670Z] [WARN] ML model not found. Run: python scripts/train_model.py
[2026-03-15T15:51:37.297Z] [WARN] ML model not found. Run: python scripts/train_model.py
[2026-03-16T13:16:34.335Z] [WARN] ML model not found. Run: python scripts/train_model.py
[2026-03-16T13:16:35.123Z] [WARN] ML model not found. Run: python scripts/train_model.py
[2026-03-16T13:17:32.869Z] [WARN] ML model not found. Run: python scripts/train_model.py
[2026-03-16T13:19:36.413Z] [WARN] ML model not found. Run: python scripts/train_model.py
[2026-03-16T13:20:09.871Z] [WARN] ML model not found. Run: python scripts/train_model.py
[2026-03-16T13:20:11.378Z] [WARN] ML model not found. Run: python scripts/train_model.py
[2026-03-16T13:21:09.302Z] [WARN] ML model not found. Run: python scripts/train_model.py
[2026-03-16T13:22:43.819Z] [WARN] ML model not found. Run: python scripts/train_model.py
[2026-03-16T13:23:43.816Z] [WARN] ML model not found. Run: python scripts/train_model.py
[2026-03-16T13:29:03.270Z] [WARN] ML model not found. Run: python scripts/train_model.py
[2026-03-16T13:31:11.568Z] [WARN] ML model not found. Run: python scripts/train_model.py
[2026-03-16T13:32:11.141Z] [WARN] ML model not found. Run: python scripts/train_model.py
[2026-03-16T13:33:34.876Z] [WARN] ML model not found. Run: python scripts/train_model.py
[2026-03-16T13:48:13.920Z] [WARN] ML model not found. Run: python scripts/train_model.py
[2026-03-16T13:52:11.057Z] [WARN] ML model not found. Run: python scripts/train_model.py
[2026-03-16T13:52:11.484Z] [WARN] ML model not found. Run: python scripts/train_model.py
[2026-03-16T13:53:12.057Z] [WARN] ML model not found. Run: python scripts/train_model.py
[2026-03-16T13:56:44.395Z] [WARN] ML model not found. Run: python scripts/train_model.py
[2026-03-16T13:59:15.845Z] [WARN] ML model not found. Run: python scripts/train_model.py
